
graphify token reduction benchmark
풉칬칂풉칬칂풉칬칂풉칬칂풉칬칂풉칬칂풉칬칂풉칬칂풉칬칂풉칬칂풉칬칂풉칬칂풉칬칂풉칬칂풉칬칂풉칬칂풉칬칂풉칬칂풉칬칂풉칬칂풉칬칂풉칬칂풉칬칂풉칬칂풉칬칂풉칬칂풉칬칂풉칬칂풉칬칂풉칬칂풉칬칂풉칬칂풉칬칂풉칬칂풉칬칂풉칬칂풉칬칂풉칬칂풉칬칂풉칬칂풉칬칂풉칬칂풉칬칂풉칬칂풉칬칂풉칬칂풉칬칂풉칬칂풉칬칂풉칬칂
  Corpus:          353,925 words 풉친칁 ~471,900 tokens (naive)
  Graph:           1,820 nodes, 2,049 edges
  Avg query cost:  ~654 tokens
  Reduction:       721.6x fewer tokens per query

  Per question:
    [213.0x] how does authentication work
    [3521.6x] what is the main entry point
    [719.4x] how are errors handled
    [3521.6x] what connects the data layer to the api
    [3521.6x] what are the core abstractions

=== GRAPHIFY_RUN_SUMMARY ===
{
  "path": "C:\\Lakshya\\ophanim-crm-fork\\ophanim-crm",
  "total_files": 431,
  "total_words": 353925,
  "graph_nodes": 1820,
  "graph_edges": 2049,
  "communities": 315,
  "input_tokens": 0,
  "output_tokens": 0
}
=== GOD_NODES_SECTION ===
## God Nodes (most connected - your core abstractions)
1. `mapToCamelCase()` - 38 edges
2. `unwrap()` - 22 edges
3. `clockIn()` - 12 edges
4. `sendEmail()` - 12 edges
5. `invalidateLeadDetailPageCache()` - 12 edges
6. `handleSubmit()` - 12 edges
7. `unwrap()` - 12 edges
8. `data()` - 11 edges
9. `deriveAttendanceDaysForUsers()` - 10 edges
10. `ApiError` - 10 edges
=== SURPRISING_CONNECTIONS_SECTION ===
## Surprising Connections (you probably didn't know these)
- `Globe Icon` --symbolizes--> `Multi Department Access Model`  [INFERRED]
  crm-fe-main/public/globe.svg 풉친칁 MULTI_DEPARTMENT_IMPLEMENTATION_GUIDE.md
- `File Icon` --conceptually_related_to--> `Quick Reference`  [INFERRED]
  crm-fe-main/public/file.svg 풉친칁 QUICK_REFERENCE.md
- `Action Plan` --supports--> `Migration 053 Execution`  [INFERRED]
  ACTION_PLAN.md 풉친칁 APPLY_MIGRATION_053.md
- `Database Redundancy Analysis` --informs--> `Multi Department Access Model`  [INFERRED]
  DB_REDUNDANCY_ANALYSIS.md 풉친칁 MULTI_DEPARTMENT_IMPLEMENTATION_GUIDE.md
- `Frontend Implementation Steps` --implements--> `Frontend App Router and SWR`  [INFERRED]
  FRONTEND_IMPLEMENTATION_STEPS.md 풉친칁 crm-fe-main/README.md

## Communities

### Community 0 - "Page Clearfilters"
Cohesion: 0.03
Nodes (20): clearFilters(), cn(), confirmRemove(), fetchData(), fetchProject(), fetchProjects(), getInitials(), getRoleConfig() (+12 more)

### Community 1 - "Dashboard Bulkapprove"
Cohesion: 0.04
Nodes (15): getAdminDashboard(), getDepartmentPerformance(), getEnhancedAdminDashboard(), getHighPriorityAlerts(), getLeadAnalyticsScoped(), getLeadTrendData(), getProjectStatusData(), getRevenueTrendData() (+7 more)

### Community 2 - "Page Addlineitem"
Cohesion: 0.05
Nodes (18): addLineItem(), clearSelection(), fetchFiles(), fetchNotes(), formatFileSize(), getFileIcon(), handleApprove(), handleBulkAssign() (+10 more)

### Community 3 - "Supabase Queries"
Cohesion: 0.06
Nodes (38): getAllReminders(), getAttendanceList(), getAttendanceRules(), getAttendanceSummary(), getDepartments(), getEmailHistory(), getEmailSettings(), getHolidays() (+30 more)

### Community 4 - "Routes Middleware"
Cohesion: 0.04
Nodes (2): getJobTitlesForDepartment(), isValidJobTitleForDepartment()

### Community 5 - "Bulkautologoutduesessions Calculateautologouttime"
Cohesion: 0.1
Nodes (38): calculateAutoLogoutTime(), calculateDayTotalHours(), calculateScheduledAutoLogoutTime(), calculateWorkedHours(), clockIn(), clockOut(), closeDueOpenSessions(), closeMalformedOpenSessions() (+30 more)

### Community 6 - "Date Utils"
Cohesion: 0.06
Nodes (16): formatDateIST(), formatDateTimeIST(), formatFullDateIST(), formatIST(), formatTimeIST(), getEndOfTodayIST(), getShiftAwareDateKeyIST(), getShiftAwareTodayKeyIST() (+8 more)

### Community 7 - "Logactivity Activity"
Cohesion: 0.07
Nodes (20): addTaskComment(), createTask(), getAllowedAssigneeIds(), getTaskById(), mapTaskRowToRecord(), reassignTask(), updateTask(), addUserToTeam() (+12 more)

### Community 8 - "Leads Addleadactivity"
Cohesion: 0.11
Nodes (23): addLeadActivity(), addLeadComment(), assignLead(), createLead(), createLeadReminder(), deleteLead(), deleteLeadComment(), deleteLeadReminder() (+15 more)

### Community 9 - "Page Builddetailedsections"
Cohesion: 0.09
Nodes (13): formatActivityDescription(), formatFieldName(), formatValue(), getActionIcon(), getChangesFromMetadata(), getDateRange(), getEntityLabel(), getResourceGroupKey() (+5 more)

### Community 10 - "Page Buildduedateiso"
Cohesion: 0.08
Nodes (5): buildDueDateISO(), loadData(), onSubmit(), resetUpload(), submitUpload()

### Community 11 - "Document Types"
Cohesion: 0.13
Nodes (21): createDocumentType(), mapRow(), updateDocumentType(), createDocument(), createDocumentWithUploadedFile(), deleteDocument(), getDocumentById(), getDocuments() (+13 more)

### Community 12 - "Payroll Approveincrement"
Cohesion: 0.1
Nodes (9): approvePayrollRun(), assertRunStatus(), createCorrectionRun(), disbursePayroll(), getPayrollRecordsByRun(), getRunOrThrow(), initiatePayrollRun(), resolveEmployeeIdsForRun() (+1 more)

### Community 13 - "Performance Acknowledgereview"
Cohesion: 0.11
Nodes (18): activateCycle(), approveCycleResults(), deleteReviewCycle(), getPeerFeedbackSubmissionsForReview(), getPeerFeedbackTargetsForUser(), getPerformanceReminderCountsForUser(), getReviewById(), getReviewCycleById() (+10 more)

### Community 14 - "Login Adminresetpassword"
Cohesion: 0.13
Nodes (12): changePassword(), generateAccessToken(), generateRefreshToken(), getAccessTokenExpiresIn(), getAuthVerifyClient(), hasEmployeeProfilesSalaryBandColumn(), login(), login2FA() (+4 more)

### Community 15 - "Payroll Client"
Cohesion: 0.12
Nodes (11): approvePayrollRun(), createCorrectionRun(), createSalaryBand(), data(), disbursePayrollRun(), fetchPayrollRun(), initiatePayrollRun(), proposeIncrement() (+3 more)

### Community 16 - "Notes Notifications"
Cohesion: 0.13
Nodes (10): createNote(), deleteNote(), extractMentionedUserIds(), getNoteById(), notifyMentionedUsers(), pinNote(), unpinNote(), updateNote() (+2 more)

### Community 17 - "Performance Acknowledgeperformancereview"
Cohesion: 0.17
Nodes (22): acknowledgePerformanceReview(), approveCycleResults(), createPerformanceCycle(), deletePerformanceCycle(), fetchCycleReviews(), fetchHRPerformanceAnalytics(), fetchMyPerformanceReviews(), fetchPeerFeedbackSubmissions() (+14 more)

### Community 18 - "Backend Migration"
Cohesion: 0.11
Nodes (20): API Contracts and Validation, Backend Service Layer, Migration 053 Execution, Multi Department Access Model, RLS Reliability and Recursion Safety, Action Plan, API and Testing Guide, Apply Migration 053 (+12 more)

### Community 19 - "Projects Addprojectmember"
Cohesion: 0.15
Nodes (10): addProjectMember(), createProject(), getAccessibleProjectIds(), getProjectById(), getProjects(), getProjectStats(), getResolvedUserPermissions(), mapProjectMemberRow() (+2 more)

### Community 20 - "Project Notes"
Cohesion: 0.11
Nodes (2): loadProjectFiles(), openFilePicker()

### Community 21 - "Applydepartmentchange Applyfilltorange"
Cohesion: 0.14
Nodes (9): applyDepartmentChange(), applyFillToRange(), formatWithCommas(), handleSave(), maybeStartFillDragFromCorner(), normalizeNumberText(), onMouseUp(), setField() (+1 more)

### Community 22 - "Acquirecachelock Buildcachekey"
Cohesion: 0.25
Nodes (15): acquireCacheLock(), buildLockKey(), buildSWRKey(), fetchWithStampedeProtection(), getCached(), getCachedStaleWhileRevalidate(), getCacheStats(), getRedis() (+7 more)

### Community 23 - "Email Createemailtemplate"
Cohesion: 0.21
Nodes (14): getEmailTemplate(), getTransporter(), renderTemplate(), sendEmail(), sendLeadAssignmentEmail(), sendNewRegistrationNotification(), sendOTPEmail(), sendPasswordResetEmail() (+6 more)

### Community 24 - "Error Codes"
Cohesion: 0.13
Nodes (4): ApiError, sendCreated(), sendPaginated(), sendSuccess()

### Community 25 - "Leave Approveleave"
Cohesion: 0.17
Nodes (9): approveLeave(), createLeaveOnBehalf(), createLeaveType(), fetchApprovedLeavesForCalendar(), fetchLeaveRequests(), fetchLeaveTypesAdmin(), rejectLeave(), unwrap() (+1 more)

### Community 26 - "Employeehelpers Buildemployeecsv"
Cohesion: 0.14
Nodes (4): employeeMatchesKpiPreset(), formatCTC(), formatINRRange(), normalizeHrStatus()

### Community 27 - "Applyactivityfilters Getactivityanalytics"
Cohesion: 0.26
Nodes (11): applyActivityFilters(), getActivityAnalytics(), getActivityLogs(), getActivityStats(), getManagedTeamIds(), getUserById(), getUsersInDepartment(), getUsersInTeams() (+3 more)

### Community 28 - "Leave Approveleaverequest"
Cohesion: 0.15
Nodes (4): canViewOrgLeaves(), createLeaveRequest(), getApprovedLeavesForCalendar(), getUserLeaveBalances()

### Community 29 - "Document Createdocumenttype"
Cohesion: 0.26
Nodes (12): createDocumentType(), fetchActiveDocumentTypesForSelf(), fetchDocumentById(), fetchDocuments(), fetchDocumentStats(), fetchDocumentTypes(), fetchUserDocuments(), rejectDocument() (+4 more)

### Community 30 - "Projects Controller"
Cohesion: 0.15
Nodes (0): 

### Community 31 - "Page Applypreset"
Cohesion: 0.22
Nodes (8): applyPreset(), buildPresetDate(), initDateFromUrl(), loadFilters(), normalizeOverview(), normalizeTeams(), normalizeUsers(), toNumber()

### Community 32 - "Checkleadeditaccess Checkresourceaccess"
Cohesion: 0.17
Nodes (0): 

### Community 33 - "Processleadreminder Processtaskreminder"
Cohesion: 0.32
Nodes (11): processLeadReminder30Min(), processLeadReminder5Min(), processLeadReminderAtTime(), processLeadReminderOverdue(), processLeadReminders(), processTaskReminder30Min(), processTaskReminder5Min(), processTaskReminderAtTime() (+3 more)

### Community 34 - "User Email"
Cohesion: 0.29
Nodes (9): createUserTransporter(), decryptPassword(), encryptPassword(), getUserEmailSettings(), incrementDailySentCount(), saveUserEmailSettings(), sendBulkUserEmails(), sendUserEmail() (+1 more)

### Community 35 - "Recurring Calculateduedate"
Cohesion: 0.24
Nodes (6): calculateDueDate(), calculateNextRunDate(), createRecurringSchedule(), generateInvoiceEmailBody(), processRecurringInvoices(), resumeRecurringSchedule()

### Community 36 - "Page Confirmactivate"
Cohesion: 0.17
Nodes (2): confirmActivate(), confirmDelete()

### Community 37 - "Authenticate Checkandautologout"
Cohesion: 0.33
Nodes (9): authenticate(), checkAndAutoLogout(), extractToken(), fetchUserPermissions(), getAuthCache(), mapDbUserToAuthUser(), optionalAuthenticate(), shouldBypassAuthCache() (+1 more)

### Community 38 - "Analytics Getactivityfeed"
Cohesion: 0.18
Nodes (0): 

### Community 39 - "Email Request"
Cohesion: 0.18
Nodes (0): 

### Community 40 - "Getemployeebyid Getemployeecompensationhistory"
Cohesion: 0.31
Nodes (5): getEmployeeById(), getEmployeeDirectory(), getEmployeeProfilesMap(), getFallbackCurrentCtcMap(), updateEmployeeProfile()

### Community 41 - "Lead Reminder"
Cohesion: 0.4
Nodes (7): getApiErrorMessage(), handleCreate(), handleCreateReminder(), handleDeleteReminder(), handleMarkDone(), refreshReminderList(), resetForm()

### Community 42 - "Select Selectgroup"
Cohesion: 0.2
Nodes (0): 

### Community 43 - "Sheet Sheetclose"
Cohesion: 0.2
Nodes (0): 

### Community 44 - "Employee Fetchemployeecompensationhistory"
Cohesion: 0.29
Nodes (7): fetchEmployeeCompensationHistory(), fetchHrEmployeeById(), fetchHrEmployees(), unwrapArrayPayload(), unwrapEmployeeList(), unwrapSingleEmployee(), updateHrEmployee()

### Community 45 - "Performancehelpers Calibratedratingtostars"
Cohesion: 0.22
Nodes (0): 

### Community 46 - "Checkduplicates Exportleads"
Cohesion: 0.39
Nodes (4): checkDuplicates(), importLeads(), parseCsv(), validateLeadRow()

### Community 47 - "Departments Createdepartment"
Cohesion: 0.43
Nodes (6): createDepartment(), getDepartmentById(), getDepartmentBySlug(), getDepartmentIdBySlug(), toCamelCase(), updateDepartment()

### Community 48 - "Files Createprojectfile"
Cohesion: 0.29
Nodes (2): createProjectFile(), mapFileRow()

### Community 49 - "Pagination Calculateoffset"
Cohesion: 0.25
Nodes (0): 

### Community 50 - "Page Fetchtasks"
Cohesion: 0.29
Nodes (4): fetchTasks(), handleCreateTask(), handleStatusChange(), isOverdue()

### Community 51 - "Documentslisttab Dorefresh"
Cohesion: 0.25
Nodes (0): 

### Community 52 - "Import Leads"
Cohesion: 0.29
Nodes (2): clearFile(), handleFileSelect()

### Community 53 - "Payroll Useincrements"
Cohesion: 0.25
Nodes (0): 

### Community 54 - "Leave Utils"
Cohesion: 0.25
Nodes (0): 

### Community 55 - "Scope Canaccesshrdashboard"
Cohesion: 0.54
Nodes (7): canAccessHRDashboard(), getHRScopeProfile(), hasAnyPermissionPrefix(), hasRoleName(), isAdminOrDirector(), isHRManagerProfile(), normalize()

### Community 56 - "Validation Middleware"
Cohesion: 0.43
Nodes (4): validate(), validateBody(), validateParams(), validateQuery()

### Community 57 - "Team Notes"
Cohesion: 0.29
Nodes (0): 

### Community 58 - "Createtotp Generatecurrenttotp"
Cohesion: 0.38
Nodes (3): createTOTP(), generateQRCode(), getTOTPUri()

### Community 59 - "Page Approveallpendingincrements"
Cohesion: 0.33
Nodes (2): confirmApproveInc(), loadEmployees()

### Community 60 - "Empdept Emptitle"
Cohesion: 0.38
Nodes (3): onApprove(), onRejectConfirm(), toastErr()

### Community 61 - "Empdeptid Empdeptname"
Cohesion: 0.33
Nodes (2): normName(), submit()

### Community 62 - "Security Form"
Cohesion: 0.29
Nodes (0): 

### Community 63 - "Team Members"
Cohesion: 0.43
Nodes (4): fetchTeamMembers(), handleAddMember(), handleRefresh(), handleRemoveMember()

### Community 64 - "Polling Coordinator"
Cohesion: 0.38
Nodes (4): getTabId(), parseLease(), readLease(), usePollingCoordinator()

### Community 65 - "Smart Read"
Cohesion: 0.57
Nodes (6): ensureQuery(), isDev(), logFallback(), logSource(), smartRead(), withTimeout()

### Community 66 - "Auto Labels"
Cohesion: 0.6
Nodes (5): auto_labels(), ensure_detection_and_ast(), extract_report_sections(), main(), read_semantic_chunk()

### Community 67 - "Page Formatjobtitle"
Cohesion: 0.33
Nodes (0): 

### Community 68 - "Sidebar Departmentdropdown"
Cohesion: 0.4
Nodes (2): DepartmentDropdown(), filterNav()

### Community 69 - "Dialog Dialogclose"
Cohesion: 0.33
Nodes (0): 

### Community 70 - "Useperformance Usecycledetail"
Cohesion: 0.33
Nodes (0): 

### Community 71 - "Payroll Format"
Cohesion: 0.33
Nodes (0): 

### Community 72 - "Frontend Logo"
Cohesion: 0.33
Nodes (6): Frontend App Router and SWR, Frontend Graph Report, Frontend README, Frontend Implementation Steps, Next.js Logo, Vercel Logo

### Community 73 - "Search Getteammemberids"
Cohesion: 0.6
Nodes (3): searchGlobal(), traditionalSearch(), tryFullTextSearch()

### Community 74 - "Scheduled Email"
Cohesion: 0.4
Nodes (0): 

### Community 75 - "Layout Hasonboardingmoduleaccess"
Cohesion: 0.4
Nodes (0): 

### Community 76 - "Teamdiscussion Getinitials"
Cohesion: 0.4
Nodes (0): 

### Community 77 - "Team Leave"
Cohesion: 0.4
Nodes (0): 

### Community 78 - "Employeedocumentstatus Cellicon"
Cohesion: 0.4
Nodes (0): 

### Community 79 - "Leaverequestcard Formatleavedate"
Cohesion: 0.4
Nodes (0): 

### Community 80 - "Pendingapprovalstab Bulkapprove"
Cohesion: 0.7
Nodes (4): bulkApprove(), handleApprove(), handleRejectConfirm(), toastApiError()

### Community 81 - "Initiate Modal"
Cohesion: 0.5
Nodes (2): formatPayrollMonthLabel(), handleSubmit()

### Community 82 - "Quick Missing"
Cohesion: 0.4
Nodes (0): 

### Community 83 - "Performanceanalytics Cycleperformanceanalytics"
Cohesion: 0.4
Nodes (1): WidgetBoundary

### Community 84 - "Handleremove Handleselect"
Cohesion: 0.4
Nodes (0): 

### Community 85 - "Email Settings"
Cohesion: 0.4
Nodes (0): 

### Community 86 - "Form Formcontrol"
Cohesion: 0.4
Nodes (0): 

### Community 87 - "Table Tablebody"
Cohesion: 0.4
Nodes (0): 

### Community 88 - "Applyprimarycolor Getstoredprimarycolor"
Cohesion: 0.5
Nodes (2): PrimaryColorSyncProvider(), usePrimaryColorSync()

### Community 89 - "Seed Admin"
Cohesion: 0.83
Nodes (3): main(), parseArguments(), seedAdmin()

### Community 90 - "Title Utils"
Cohesion: 0.67
Nodes (2): deriveMostSeniorJobTitle(), slugToJobTitle()

### Community 91 - "Page Setdeletestate"
Cohesion: 0.5
Nodes (0): 

### Community 92 - "Page Handleaddmember"
Cohesion: 0.5
Nodes (0): 

### Community 93 - "Page Acknowledge"
Cohesion: 0.83
Nodes (3): acknowledge(), load(), submit()

### Community 94 - "Handleclockin Handleclockout"
Cohesion: 0.5
Nodes (0): 

### Community 95 - "Document Utils"
Cohesion: 0.5
Nodes (0): 

### Community 96 - "Copypw Generatepassword"
Cohesion: 0.5
Nodes (0): 

### Community 97 - "Employeetablerow Initials"
Cohesion: 0.5
Nodes (0): 

### Community 98 - "Handleclose Handlesubmit"
Cohesion: 0.83
Nodes (3): handleClose(), handleSubmit(), resetForm()

### Community 99 - "Profile Form"
Cohesion: 0.5
Nodes (0): 

### Community 100 - "Alertdialog Alertdialogdescription"
Cohesion: 0.5
Nodes (0): 

### Community 101 - "Avatar Avatarfallback"
Cohesion: 0.5
Nodes (0): 

### Community 102 - "Carddescription Cardfooter"
Cohesion: 0.5
Nodes (0): 

### Community 103 - "Commandgroup Commanditem"
Cohesion: 0.5
Nodes (0): 

### Community 104 - "Dropdown Menu"
Cohesion: 0.5
Nodes (0): 

### Community 105 - "Input Inputotp"
Cohesion: 0.5
Nodes (0): 

### Community 106 - "Permission Gate"
Cohesion: 0.5
Nodes (0): 

### Community 107 - "Tabs Tabslist"
Cohesion: 0.5
Nodes (0): 

### Community 108 - "Getallstatuses Getstatuscolor"
Cohesion: 0.5
Nodes (0): 

### Community 109 - "Permission Useanypermission"
Cohesion: 0.5
Nodes (0): 

### Community 110 - "Usebulkemployeeactions Activateone"
Cohesion: 0.5
Nodes (0): 

### Community 111 - "Documentservice Getaccesstoken"
Cohesion: 0.67
Nodes (2): getAccessToken(), uploadHrDocument()

### Community 112 - "Supabase Auth"
Cohesion: 0.5
Nodes (0): 

### Community 113 - "Header Refresh"
Cohesion: 0.67
Nodes (2): useHeaderRefresh(), useHeaderRefreshController()

### Community 114 - "Brand Identity"
Cohesion: 0.5
Nodes (4): Brand and UI Identity Assets, Grid Pattern, Ophanim Logo, Window Icon

### Community 115 - "Migrate Executor"
Cohesion: 1.0
Nodes (2): executeMigration(), loadEnv()

### Community 116 - "Asheader Makeuser"
Cohesion: 0.67
Nodes (0): 

### Community 117 - "Page Formatcurrency"
Cohesion: 0.67
Nodes (0): 

### Community 118 - "Page Handleremovemember"
Cohesion: 0.67
Nodes (1): handleRemoveMember()

### Community 119 - "Page Newperformancecyclepage"
Cohesion: 0.67
Nodes (0): 

### Community 120 - "Page Legacyteampage"
Cohesion: 0.67
Nodes (1): LegacyTeamPage()

### Community 121 - "Layout Isactive"
Cohesion: 0.67
Nodes (0): 

### Community 122 - "Page Openform"
Cohesion: 0.67
Nodes (0): 

### Community 123 - "Datetokey Calendar"
Cohesion: 0.67
Nodes (0): 

### Community 124 - "Today Reminders"
Cohesion: 0.67
Nodes (0): 

### Community 125 - "Documenttypemodal Slugify"
Cohesion: 0.67
Nodes (0): 

### Community 126 - "Documenttypestab Async"
Cohesion: 0.67
Nodes (0): 

### Community 127 - "Uploaddocumentmodal Ondrop"
Cohesion: 0.67
Nodes (0): 

### Community 128 - "Employeetable Sortmark"
Cohesion: 0.67
Nodes (0): 

### Community 129 - "Employeedetaildrawer Initials"
Cohesion: 0.67
Nodes (0): 

### Community 130 - "Employeeoverviewtab Copy"
Cohesion: 0.67
Nodes (0): 

### Community 131 - "Leavedetaildrawer Initials"
Cohesion: 0.67
Nodes (0): 

### Community 132 - "Edit Payroll"
Cohesion: 1.0
Nodes (2): num(), save()

### Community 133 - "Salary Band"
Cohesion: 0.67
Nodes (0): 

### Community 134 - "Employee Modal"
Cohesion: 0.67
Nodes (0): 

### Community 135 - "Defaultrating Submit"
Cohesion: 0.67
Nodes (0): 

### Community 136 - "Reviewcyclecard Freqlabel"
Cohesion: 0.67
Nodes (0): 

### Community 137 - "Buildduedateiso Onsubmit"
Cohesion: 1.0
Nodes (2): buildDueDateISO(), onSubmit()

### Community 138 - "Project Card"
Cohesion: 0.67
Nodes (0): 

### Community 139 - "Global Search"
Cohesion: 0.67
Nodes (0): 

### Community 140 - "Alert"
Cohesion: 0.67
Nodes (0): 

### Community 141 - "Calendar"
Cohesion: 0.67
Nodes (0): 

### Community 142 - "Popover Popovertrigger"
Cohesion: 0.67
Nodes (0): 

### Community 143 - "Scroll Area"
Cohesion: 0.67
Nodes (0): 

### Community 144 - "Getapierrormessage Toastapierror"
Cohesion: 1.0
Nodes (2): getApiErrorMessage(), toastApiError()

### Community 145 - "Processqueue Unwrap"
Cohesion: 0.67
Nodes (0): 

### Community 146 - "Utils Getinitials"
Cohesion: 0.67
Nodes (0): 

### Community 147 - "Department Context"
Cohesion: 0.67
Nodes (0): 

### Community 148 - "Theme Sync"
Cohesion: 1.0
Nodes (2): ThemeSyncProvider(), useThemeSync()

### Community 149 - "Graphify Prepare"
Cohesion: 1.0
Nodes (0): 

### Community 150 - "Checkrawtime Check"
Cohesion: 1.0
Nodes (0): 

### Community 151 - "Migration Placeholder"
Cohesion: 1.0
Nodes (0): 

### Community 152 - "Update Rules"
Cohesion: 1.0
Nodes (0): 

### Community 153 - "Error Globalerror"
Cohesion: 1.0
Nodes (0): 

### Community 154 - "Forbidden"
Cohesion: 1.0
Nodes (0): 

### Community 155 - "Layout Rootlayout"
Cohesion: 1.0
Nodes (0): 

### Community 156 - "Found Notfound"
Cohesion: 1.0
Nodes (0): 

### Community 157 - "Page Rootpage"
Cohesion: 1.0
Nodes (0): 

### Community 158 - "Layout Authlayout"
Cohesion: 1.0
Nodes (0): 

### Community 159 - "Error Financeerror"
Cohesion: 1.0
Nodes (0): 

### Community 160 - "Layout Financelayout"
Cohesion: 1.0
Nodes (0): 

### Community 161 - "Page Newemailrequestpage"
Cohesion: 1.0
Nodes (0): 

### Community 162 - "Page Newexpensepage"
Cohesion: 1.0
Nodes (0): 

### Community 163 - "Error Globalgrouperror"
Cohesion: 1.0
Nodes (0): 

### Community 164 - "Layout Globallayout"
Cohesion: 1.0
Nodes (0): 

### Community 165 - "Page Fetchenhanceddashboard"
Cohesion: 1.0
Nodes (0): 

### Community 166 - "Page Activityredirect"
Cohesion: 1.0
Nodes (0): 

### Community 167 - "Error Hrerror"
Cohesion: 1.0
Nodes (0): 

### Community 168 - "Page Data"
Cohesion: 1.0
Nodes (0): 

### Community 169 - "Page Fetchanalytics"
Cohesion: 1.0
Nodes (0): 

### Community 170 - "Page Hrattendancepage"
Cohesion: 1.0
Nodes (0): 

### Community 171 - "Page Onvis"
Cohesion: 1.0
Nodes (0): 

### Community 172 - "Page Handledownloadpdf"
Cohesion: 1.0
Nodes (0): 

### Community 173 - "Page Payrollrundetailpage"
Cohesion: 1.0
Nodes (0): 

### Community 174 - "Error Projectserror"
Cohesion: 1.0
Nodes (0): 

### Community 175 - "Layout Projectslayout"
Cohesion: 1.0
Nodes (0): 

### Community 176 - "Page Stripfilerefs"
Cohesion: 1.0
Nodes (0): 

### Community 177 - "Page Projectrootpage"
Cohesion: 1.0
Nodes (0): 

### Community 178 - "Page Normtask"
Cohesion: 1.0
Nodes (0): 

### Community 179 - "Page Projectdiscussionpage"
Cohesion: 1.0
Nodes (0): 

### Community 180 - "Page Getreminderlabel"
Cohesion: 1.0
Nodes (0): 

### Community 181 - "Error Saleserror"
Cohesion: 1.0
Nodes (0): 

### Community 182 - "Layout Saleslayout"
Cohesion: 1.0
Nodes (0): 

### Community 183 - "Page Getleadhref"
Cohesion: 1.0
Nodes (0): 

### Community 184 - "Page Newleadpage"
Cohesion: 1.0
Nodes (0): 

### Community 185 - "Page Editleadpage"
Cohesion: 1.0
Nodes (0): 

### Community 186 - "Error Sharederror"
Cohesion: 1.0
Nodes (0): 

### Community 187 - "Layout Sharedlayout"
Cohesion: 1.0
Nodes (0): 

### Community 188 - "Page Settingspage"
Cohesion: 1.0
Nodes (0): 

### Community 189 - "Performers Getinitials"
Cohesion: 1.0
Nodes (0): 

### Community 190 - "Deletedocumentdialog Confirmdelete"
Cohesion: 1.0
Nodes (0): 

### Community 191 - "Documentrow Openfile"
Cohesion: 1.0
Nodes (0): 

### Community 192 - "Editdocumentmodal Save"
Cohesion: 1.0
Nodes (0): 

### Community 193 - "Bulkactionsbar"
Cohesion: 1.0
Nodes (0): 

### Community 194 - "Deactivateconfirmdialog"
Cohesion: 1.0
Nodes (0): 

### Community 195 - "Employeesearchfilters Clearall"
Cohesion: 1.0
Nodes (0): 

### Community 196 - "Employeedocumentstab Unwrapdocs"
Cohesion: 1.0
Nodes (0): 

### Community 197 - "Leavetypemodal"
Cohesion: 1.0
Nodes (0): 

### Community 198 - "Rejectleavemodal Submit"
Cohesion: 1.0
Nodes (0): 

### Community 199 - "Appshell Shell"
Cohesion: 1.0
Nodes (0): 

### Community 200 - "Department Switcher"
Cohesion: 1.0
Nodes (0): 

### Community 201 - "Header"
Cohesion: 1.0
Nodes (0): 

### Community 202 - "Mobile Sidebar"
Cohesion: 1.0
Nodes (0): 

### Community 203 - "Export Leads"
Cohesion: 1.0
Nodes (0): 

### Community 204 - "Lead Form"
Cohesion: 1.0
Nodes (0): 

### Community 205 - "Notifications Popover"
Cohesion: 1.0
Nodes (0): 

### Community 206 - "Reminders Popover"
Cohesion: 1.0
Nodes (0): 

### Community 207 - "Startup Alerts"
Cohesion: 1.0
Nodes (0): 

### Community 208 - "Submit Correction"
Cohesion: 1.0
Nodes (0): 

### Community 209 - "Submit Create"
Cohesion: 1.0
Nodes (0): 

### Community 210 - "Payroll Analytics"
Cohesion: 1.0
Nodes (0): 

### Community 211 - "Payroll Records"
Cohesion: 1.0
Nodes (0): 

### Community 212 - "Payroll Table"
Cohesion: 1.0
Nodes (0): 

### Community 213 - "Payslip View"
Cohesion: 1.0
Nodes (0): 

### Community 214 - "Goalbuildermodal Submit"
Cohesion: 1.0
Nodes (0): 

### Community 215 - "Managerreviewmodal Dosubmit"
Cohesion: 1.0
Nodes (0): 

### Community 216 - "Pipnotification"
Cohesion: 1.0
Nodes (0): 

### Community 217 - "Ratingdisplay"
Cohesion: 1.0
Nodes (0): 

### Community 218 - "Releaseconfirmdialog Async"
Cohesion: 1.0
Nodes (0): 

### Community 219 - "Statustracker Peerstepdone"
Cohesion: 1.0
Nodes (0): 

### Community 220 - "Project Tasks"
Cohesion: 1.0
Nodes (0): 

### Community 221 - "Appearanceform Appearance"
Cohesion: 1.0
Nodes (0): 

### Community 222 - "Notifications Form"
Cohesion: 1.0
Nodes (0): 

### Community 223 - "Empty State"
Cohesion: 1.0
Nodes (0): 

### Community 224 - "Badge"
Cohesion: 1.0
Nodes (0): 

### Community 225 - "Button"
Cohesion: 1.0
Nodes (0): 

### Community 226 - "Checkbox"
Cohesion: 1.0
Nodes (0): 

### Community 227 - "Collapsible"
Cohesion: 1.0
Nodes (0): 

### Community 228 - "Confirmdialog Confirm"
Cohesion: 1.0
Nodes (0): 

### Community 229 - "Input"
Cohesion: 1.0
Nodes (0): 

### Community 230 - "Label"
Cohesion: 1.0
Nodes (0): 

### Community 231 - "Separator"
Cohesion: 1.0
Nodes (0): 

### Community 232 - "Skeleton"
Cohesion: 1.0
Nodes (0): 

### Community 233 - "Textarea"
Cohesion: 1.0
Nodes (0): 

### Community 234 - "Usedocumentslist"
Cohesion: 1.0
Nodes (0): 

### Community 235 - "Usedocumentstats"
Cohesion: 1.0
Nodes (0): 

### Community 236 - "Usedocumenttypes"
Cohesion: 1.0
Nodes (0): 

### Community 237 - "Useemployees"
Cohesion: 1.0
Nodes (0): 

### Community 238 - "Useleavestats"
Cohesion: 1.0
Nodes (0): 

### Community 239 - "Finance Unwrap"
Cohesion: 1.0
Nodes (0): 

### Community 240 - "Error Toast"
Cohesion: 1.0
Nodes (0): 

### Community 241 - "Checkauth Auth"
Cohesion: 1.0
Nodes (0): 

### Community 242 - "Provider Swrprovider"
Cohesion: 1.0
Nodes (0): 

### Community 243 - "Theme Provider"
Cohesion: 1.0
Nodes (0): 

### Community 244 - "Types Toemployeeprofile"
Cohesion: 1.0
Nodes (0): 

### Community 245 - "Repository Readme"
Cohesion: 1.0
Nodes (2): Repository README, Ophanim CRM Monorepo

### Community 246 - "Database Types"
Cohesion: 1.0
Nodes (0): 

### Community 247 - "Vitest Config"
Cohesion: 1.0
Nodes (0): 

### Community 248 - "Apply Migration"
Cohesion: 1.0
Nodes (0): 

### Community 249 - "Permissions"
Cohesion: 1.0
Nodes (0): 

### Community 250 - "Types"
Cohesion: 1.0
Nodes (0): 

### Community 251 - "Database Types"
Cohesion: 1.0
Nodes (0): 

### Community 252 - "Attendance Validator"
Cohesion: 1.0
Nodes (0): 

### Community 253 - "Auth Validator"
Cohesion: 1.0
Nodes (0): 

### Community 254 - "Departments Validator"
Cohesion: 1.0
Nodes (0): 

### Community 255 - "Documents Validator"
Cohesion: 1.0
Nodes (0): 

### Community 256 - "Finance Validator"
Cohesion: 1.0
Nodes (0): 

### Community 257 - "Validator"
Cohesion: 1.0
Nodes (0): 

### Community 258 - "Leads Validator"
Cohesion: 1.0
Nodes (0): 

### Community 259 - "Notes Validator"
Cohesion: 1.0
Nodes (0): 

### Community 260 - "Notifications Validator"
Cohesion: 1.0
Nodes (0): 

### Community 261 - "Payroll Validator"
Cohesion: 1.0
Nodes (0): 

### Community 262 - "Performance Validator"
Cohesion: 1.0
Nodes (0): 

### Community 263 - "Projects Validator"
Cohesion: 1.0
Nodes (0): 

### Community 264 - "Tasks Validator"
Cohesion: 1.0
Nodes (0): 

### Community 265 - "Team Notes"
Cohesion: 1.0
Nodes (0): 

### Community 266 - "Teams Validator"
Cohesion: 1.0
Nodes (0): 

### Community 267 - "Users Validator"
Cohesion: 1.0
Nodes (0): 

### Community 268 - "Next"
Cohesion: 1.0
Nodes (0): 

### Community 269 - "Next Config"
Cohesion: 1.0
Nodes (0): 

### Community 270 - "Page"
Cohesion: 1.0
Nodes (0): 

### Community 271 - "Page"
Cohesion: 1.0
Nodes (0): 

### Community 272 - "Page"
Cohesion: 1.0
Nodes (0): 

### Community 273 - "Page"
Cohesion: 1.0
Nodes (0): 

### Community 274 - "Page"
Cohesion: 1.0
Nodes (0): 

### Community 275 - "Page"
Cohesion: 1.0
Nodes (0): 

### Community 276 - "Page"
Cohesion: 1.0
Nodes (0): 

### Community 277 - "Page"
Cohesion: 1.0
Nodes (0): 

### Community 278 - "Login Notice"
Cohesion: 1.0
Nodes (0): 

### Community 279 - "Activity Feed"
Cohesion: 1.0
Nodes (0): 

### Community 280 - "Charts"
Cohesion: 1.0
Nodes (0): 

### Community 281 - "High Priority"
Cohesion: 1.0
Nodes (0): 

### Community 282 - "Index"
Cohesion: 1.0
Nodes (0): 

### Community 283 - "Mini Stats"
Cohesion: 1.0
Nodes (0): 

### Community 284 - "Recent Leads"
Cohesion: 1.0
Nodes (0): 

### Community 285 - "Stats Card"
Cohesion: 1.0
Nodes (0): 

### Community 286 - "Trend Charts"
Cohesion: 1.0
Nodes (0): 

### Community 287 - "Documentkpicards"
Cohesion: 1.0
Nodes (0): 

### Community 288 - "Compensationhistoryexpand"
Cohesion: 1.0
Nodes (0): 

### Community 289 - "Employeekpicards"
Cohesion: 1.0
Nodes (0): 

### Community 290 - "Employeeactivitytab"
Cohesion: 1.0
Nodes (0): 

### Community 291 - "Employeecompensationtab"
Cohesion: 1.0
Nodes (0): 

### Community 292 - "Employeeleavesummarytab"
Cohesion: 1.0
Nodes (0): 

### Community 293 - "Employeeperformancetab"
Cohesion: 1.0
Nodes (0): 

### Community 294 - "Leavekpicards"
Cohesion: 1.0
Nodes (0): 

### Community 295 - "Index"
Cohesion: 1.0
Nodes (0): 

### Community 296 - "Department Cost"
Cohesion: 1.0
Nodes (0): 

### Community 297 - "Disburse Confirm"
Cohesion: 1.0
Nodes (0): 

### Community 298 - "Peerfeedbackradar"
Cohesion: 1.0
Nodes (0): 

### Community 299 - "Reviewdetailpanel"
Cohesion: 1.0
Nodes (0): 

### Community 300 - "User Selector"
Cohesion: 1.0
Nodes (0): 

### Community 301 - "Hover Card"
Cohesion: 1.0
Nodes (0): 

### Community 302 - "Progress"
Cohesion: 1.0
Nodes (0): 

### Community 303 - "Sonner"
Cohesion: 1.0
Nodes (0): 

### Community 304 - "Switch"
Cohesion: 1.0
Nodes (0): 

### Community 305 - "Header Refresh"
Cohesion: 1.0
Nodes (0): 

### Community 306 - "Lead Status"
Cohesion: 1.0
Nodes (0): 

### Community 307 - "Permissions"
Cohesion: 1.0
Nodes (0): 

### Community 308 - "Projects"
Cohesion: 1.0
Nodes (0): 

### Community 309 - "Supabase"
Cohesion: 1.0
Nodes (0): 

### Community 310 - "Documents"
Cohesion: 1.0
Nodes (0): 

### Community 311 - "Leaves"
Cohesion: 1.0
Nodes (0): 

### Community 312 - "Index"
Cohesion: 1.0
Nodes (0): 

### Community 313 - "Payroll"
Cohesion: 1.0
Nodes (0): 

### Community 314 - "Performance"
Cohesion: 1.0
Nodes (0): 

## Knowledge Gaps
- **22 isolated node(s):** `Ophanim CRM Monorepo`, `Action Plan`, `API and Testing Guide`, `Apply Migration 053`, `Frontend Implementation Steps` (+17 more)
  These have 풉칢침1 connection - possible missing edges or undocumented components.
- **Thin community `Graphify Prepare`** (2 nodes): `main()`, `graphify_prepare.py`
  Too small to be a meaningful cluster - may be noise or needs more connections extracted.
- **Thin community `Checkrawtime Check`** (2 nodes): `checkRawTime()`, `check-time-format.js`
  Too small to be a meaningful cluster - may be noise or needs more connections extracted.
- **Thin community `Migration Placeholder`** (2 nodes): `run_migration_placeholder.ts`, `runMigration()`
  Too small to be a meaningful cluster - may be noise or needs more connections extracted.
- **Thin community `Update Rules`** (2 nodes): `update-rules.js`, `updateRules()`
  Too small to be a meaningful cluster - may be noise or needs more connections extracted.
- **Thin community `Error Globalerror`** (2 nodes): `error.tsx`, `GlobalError()`
  Too small to be a meaningful cluster - may be noise or needs more connections extracted.
- **Thin community `Forbidden`** (2 nodes): `forbidden.tsx`, `Forbidden()`
  Too small to be a meaningful cluster - may be noise or needs more connections extracted.
- **Thin community `Layout Rootlayout`** (2 nodes): `layout.tsx`, `RootLayout()`
  Too small to be a meaningful cluster - may be noise or needs more connections extracted.
- **Thin community `Found Notfound`** (2 nodes): `not-found.tsx`, `NotFound()`
  Too small to be a meaningful cluster - may be noise or needs more connections extracted.
- **Thin community `Page Rootpage`** (2 nodes): `page.tsx`, `RootPage()`
  Too small to be a meaningful cluster - may be noise or needs more connections extracted.
- **Thin community `Layout Authlayout`** (2 nodes): `layout.tsx`, `AuthLayout()`
  Too small to be a meaningful cluster - may be noise or needs more connections extracted.
- **Thin community `Error Financeerror`** (2 nodes): `error.tsx`, `FinanceError()`
  Too small to be a meaningful cluster - may be noise or needs more connections extracted.
- **Thin community `Layout Financelayout`** (2 nodes): `layout.tsx`, `FinanceLayout()`
  Too small to be a meaningful cluster - may be noise or needs more connections extracted.
- **Thin community `Page Newemailrequestpage`** (2 nodes): `page.tsx`, `NewEmailRequestPage()`
  Too small to be a meaningful cluster - may be noise or needs more connections extracted.
- **Thin community `Page Newexpensepage`** (2 nodes): `page.tsx`, `NewExpensePage()`
  Too small to be a meaningful cluster - may be noise or needs more connections extracted.
- **Thin community `Error Globalgrouperror`** (2 nodes): `error.tsx`, `GlobalGroupError()`
  Too small to be a meaningful cluster - may be noise or needs more connections extracted.
- **Thin community `Layout Globallayout`** (2 nodes): `layout.tsx`, `GlobalLayout()`
  Too small to be a meaningful cluster - may be noise or needs more connections extracted.
- **Thin community `Page Fetchenhanceddashboard`** (2 nodes): `page.tsx`, `fetchEnhancedDashboard()`
  Too small to be a meaningful cluster - may be noise or needs more connections extracted.
- **Thin community `Page Activityredirect`** (2 nodes): `page.tsx`, `ActivityRedirect()`
  Too small to be a meaningful cluster - may be noise or needs more connections extracted.
- **Thin community `Error Hrerror`** (2 nodes): `error.tsx`, `HRError()`
  Too small to be a meaningful cluster - may be noise or needs more connections extracted.
- **Thin community `Page Data`** (2 nodes): `page.tsx`, `data()`
  Too small to be a meaningful cluster - may be noise or needs more connections extracted.
- **Thin community `Page Fetchanalytics`** (2 nodes): `page.tsx`, `fetchAnalytics()`
  Too small to be a meaningful cluster - may be noise or needs more connections extracted.
- **Thin community `Page Hrattendancepage`** (2 nodes): `page.tsx`, `HRAttendancePage()`
  Too small to be a meaningful cluster - may be noise or needs more connections extracted.
- **Thin community `Page Onvis`** (2 nodes): `page.tsx`, `onVis()`
  Too small to be a meaningful cluster - may be noise or needs more connections extracted.
- **Thin community `Page Handledownloadpdf`** (2 nodes): `page.tsx`, `handleDownloadPdf()`
  Too small to be a meaningful cluster - may be noise or needs more connections extracted.
- **Thin community `Page Payrollrundetailpage`** (2 nodes): `page.tsx`, `PayrollRunDetailPage()`
  Too small to be a meaningful cluster - may be noise or needs more connections extracted.
- **Thin community `Error Projectserror`** (2 nodes): `error.tsx`, `ProjectsError()`
  Too small to be a meaningful cluster - may be noise or needs more connections extracted.
- **Thin community `Layout Projectslayout`** (2 nodes): `layout.tsx`, `ProjectsLayout()`
  Too small to be a meaningful cluster - may be noise or needs more connections extracted.
- **Thin community `Page Stripfilerefs`** (2 nodes): `page.tsx`, `stripFileRefs()`
  Too small to be a meaningful cluster - may be noise or needs more connections extracted.
- **Thin community `Page Projectrootpage`** (2 nodes): `page.tsx`, `ProjectRootPage()`
  Too small to be a meaningful cluster - may be noise or needs more connections extracted.
- **Thin community `Page Normtask`** (2 nodes): `page.tsx`, `normTask()`
  Too small to be a meaningful cluster - may be noise or needs more connections extracted.
- **Thin community `Page Projectdiscussionpage`** (2 nodes): `page.tsx`, `ProjectDiscussionPage()`
  Too small to be a meaningful cluster - may be noise or needs more connections extracted.
- **Thin community `Page Getreminderlabel`** (2 nodes): `page.tsx`, `getReminderLabel()`
  Too small to be a meaningful cluster - may be noise or needs more connections extracted.
- **Thin community `Error Saleserror`** (2 nodes): `error.tsx`, `SalesError()`
  Too small to be a meaningful cluster - may be noise or needs more connections extracted.
- **Thin community `Layout Saleslayout`** (2 nodes): `layout.tsx`, `SalesLayout()`
  Too small to be a meaningful cluster - may be noise or needs more connections extracted.
- **Thin community `Page Getleadhref`** (2 nodes): `page.tsx`, `getLeadHref()`
  Too small to be a meaningful cluster - may be noise or needs more connections extracted.
- **Thin community `Page Newleadpage`** (2 nodes): `page.tsx`, `NewLeadPage()`
  Too small to be a meaningful cluster - may be noise or needs more connections extracted.
- **Thin community `Page Editleadpage`** (2 nodes): `page.tsx`, `EditLeadPage()`
  Too small to be a meaningful cluster - may be noise or needs more connections extracted.
- **Thin community `Error Sharederror`** (2 nodes): `error.tsx`, `SharedError()`
  Too small to be a meaningful cluster - may be noise or needs more connections extracted.
- **Thin community `Layout Sharedlayout`** (2 nodes): `layout.tsx`, `SharedLayout()`
  Too small to be a meaningful cluster - may be noise or needs more connections extracted.
- **Thin community `Page Settingspage`** (2 nodes): `page.tsx`, `SettingsPage()`
  Too small to be a meaningful cluster - may be noise or needs more connections extracted.
- **Thin community `Performers Getinitials`** (2 nodes): `top-performers.tsx`, `getInitials()`
  Too small to be a meaningful cluster - may be noise or needs more connections extracted.
- **Thin community `Deletedocumentdialog Confirmdelete`** (2 nodes): `DeleteDocumentDialog.tsx`, `confirmDelete()`
  Too small to be a meaningful cluster - may be noise or needs more connections extracted.
- **Thin community `Documentrow Openfile`** (2 nodes): `DocumentRow.tsx`, `openFile()`
  Too small to be a meaningful cluster - may be noise or needs more connections extracted.
- **Thin community `Editdocumentmodal Save`** (2 nodes): `EditDocumentModal.tsx`, `save()`
  Too small to be a meaningful cluster - may be noise or needs more connections extracted.
- **Thin community `Bulkactionsbar`** (2 nodes): `BulkActionsBar()`, `BulkActionsBar.tsx`
  Too small to be a meaningful cluster - may be noise or needs more connections extracted.
- **Thin community `Deactivateconfirmdialog`** (2 nodes): `DeactivateConfirmDialog.tsx`, `DeactivateConfirmDialog()`
  Too small to be a meaningful cluster - may be noise or needs more connections extracted.
- **Thin community `Employeesearchfilters Clearall`** (2 nodes): `EmployeeSearchFilters.tsx`, `clearAll()`
  Too small to be a meaningful cluster - may be noise or needs more connections extracted.
- **Thin community `Employeedocumentstab Unwrapdocs`** (2 nodes): `EmployeeDocumentsTab.tsx`, `unwrapDocs()`
  Too small to be a meaningful cluster - may be noise or needs more connections extracted.
- **Thin community `Leavetypemodal`** (2 nodes): `LeaveTypeModal.tsx`, `LeaveTypeModal()`
  Too small to be a meaningful cluster - may be noise or needs more connections extracted.
- **Thin community `Rejectleavemodal Submit`** (2 nodes): `RejectLeaveModal.tsx`, `submit()`
  Too small to be a meaningful cluster - may be noise or needs more connections extracted.
- **Thin community `Appshell Shell`** (2 nodes): `AppShell()`, `app-shell.tsx`
  Too small to be a meaningful cluster - may be noise or needs more connections extracted.
- **Thin community `Department Switcher`** (2 nodes): `department-switcher.tsx`, `switchDepartment()`
  Too small to be a meaningful cluster - may be noise or needs more connections extracted.
- **Thin community `Header`** (2 nodes): `header.tsx`, `Header()`
  Too small to be a meaningful cluster - may be noise or needs more connections extracted.
- **Thin community `Mobile Sidebar`** (2 nodes): `mobile-sidebar.tsx`, `MobileSidebar()`
  Too small to be a meaningful cluster - may be noise or needs more connections extracted.
- **Thin community `Export Leads`** (2 nodes): `export-leads-dialog.tsx`, `handleExport()`
  Too small to be a meaningful cluster - may be noise or needs more connections extracted.
- **Thin community `Lead Form`** (2 nodes): `lead-form.tsx`, `onSubmit()`
  Too small to be a meaningful cluster - may be noise or needs more connections extracted.
- **Thin community `Notifications Popover`** (2 nodes): `notifications-popover.tsx`, `NotificationIcon()`
  Too small to be a meaningful cluster - may be noise or needs more connections extracted.
- **Thin community `Reminders Popover`** (2 nodes): `reminders-popover.tsx`, `ReminderItem()`
  Too small to be a meaningful cluster - may be noise or needs more connections extracted.
- **Thin community `Startup Alerts`** (2 nodes): `startup-alerts-dialog.tsx`, `ReminderItem()`
  Too small to be a meaningful cluster - may be noise or needs more connections extracted.
- **Thin community `Submit Correction`** (2 nodes): `submit()`, `correction-run-modal.tsx`
  Too small to be a meaningful cluster - may be noise or needs more connections extracted.
- **Thin community `Submit Create`** (2 nodes): `submit()`, `create-increment-modal.tsx`
  Too small to be a meaningful cluster - may be noise or needs more connections extracted.
- **Thin community `Payroll Analytics`** (2 nodes): `payroll-analytics-widget.tsx`, `formatPayrollMonthLabel()`
  Too small to be a meaningful cluster - may be noise or needs more connections extracted.
- **Thin community `Payroll Records`** (2 nodes): `payroll-records-table.tsx`, `toggleSort()`
  Too small to be a meaningful cluster - may be noise or needs more connections extracted.
- **Thin community `Payroll Table`** (2 nodes): `payroll-run-table-row.tsx`, `formatPayrollMonthLabel()`
  Too small to be a meaningful cluster - may be noise or needs more connections extracted.
- **Thin community `Payslip View`** (2 nodes): `payslip-view.tsx`, `printPayslip()`
  Too small to be a meaningful cluster - may be noise or needs more connections extracted.
- **Thin community `Goalbuildermodal Submit`** (2 nodes): `GoalBuilderModal.tsx`, `submit()`
  Too small to be a meaningful cluster - may be noise or needs more connections extracted.
- **Thin community `Managerreviewmodal Dosubmit`** (2 nodes): `ManagerReviewModal.tsx`, `doSubmit()`
  Too small to be a meaningful cluster - may be noise or needs more connections extracted.
- **Thin community `Pipnotification`** (2 nodes): `PIPNotification.tsx`, `PIPNotification()`
  Too small to be a meaningful cluster - may be noise or needs more connections extracted.
- **Thin community `Ratingdisplay`** (2 nodes): `RatingDisplay.tsx`, `RatingDisplay()`
  Too small to be a meaningful cluster - may be noise or needs more connections extracted.
- **Thin community `Releaseconfirmdialog Async`** (2 nodes): `ReleaseConfirmDialog.tsx`, `async()`
  Too small to be a meaningful cluster - may be noise or needs more connections extracted.
- **Thin community `Statustracker Peerstepdone`** (2 nodes): `StatusTracker.tsx`, `peerStepDone()`
  Too small to be a meaningful cluster - may be noise or needs more connections extracted.
- **Thin community `Project Tasks`** (2 nodes): `project-tasks-list.tsx`, `fetchTasks()`
  Too small to be a meaningful cluster - may be noise or needs more connections extracted.
- **Thin community `Appearanceform Appearance`** (2 nodes): `AppearanceForm()`, `appearance-form.tsx`
  Too small to be a meaningful cluster - may be noise or needs more connections extracted.
- **Thin community `Notifications Form`** (2 nodes): `notifications-form.tsx`, `NotificationsForm()`
  Too small to be a meaningful cluster - may be noise or needs more connections extracted.
- **Thin community `Empty State`** (2 nodes): `empty-state.tsx`, `EmptyState()`
  Too small to be a meaningful cluster - may be noise or needs more connections extracted.
- **Thin community `Badge`** (2 nodes): `Badge()`, `badge.tsx`
  Too small to be a meaningful cluster - may be noise or needs more connections extracted.
- **Thin community `Button`** (2 nodes): `cn()`, `button.tsx`
  Too small to be a meaningful cluster - may be noise or needs more connections extracted.
- **Thin community `Checkbox`** (2 nodes): `Checkbox()`, `checkbox.tsx`
  Too small to be a meaningful cluster - may be noise or needs more connections extracted.
- **Thin community `Collapsible`** (2 nodes): `Collapsible()`, `collapsible.tsx`
  Too small to be a meaningful cluster - may be noise or needs more connections extracted.
- **Thin community `Confirmdialog Confirm`** (2 nodes): `ConfirmDialog()`, `confirm-dialog.tsx`
  Too small to be a meaningful cluster - may be noise or needs more connections extracted.
- **Thin community `Input`** (2 nodes): `input.tsx`, `Input()`
  Too small to be a meaningful cluster - may be noise or needs more connections extracted.
- **Thin community `Label`** (2 nodes): `label.tsx`, `Label()`
  Too small to be a meaningful cluster - may be noise or needs more connections extracted.
- **Thin community `Separator`** (2 nodes): `separator.tsx`, `Separator()`
  Too small to be a meaningful cluster - may be noise or needs more connections extracted.
- **Thin community `Skeleton`** (2 nodes): `skeleton.tsx`, `Skeleton()`
  Too small to be a meaningful cluster - may be noise or needs more connections extracted.
- **Thin community `Textarea`** (2 nodes): `textarea.tsx`, `cn()`
  Too small to be a meaningful cluster - may be noise or needs more connections extracted.
- **Thin community `Usedocumentslist`** (2 nodes): `useDocumentsList.ts`, `useDocumentsList()`
  Too small to be a meaningful cluster - may be noise or needs more connections extracted.
- **Thin community `Usedocumentstats`** (2 nodes): `useDocumentStats.ts`, `useDocumentStats()`
  Too small to be a meaningful cluster - may be noise or needs more connections extracted.
- **Thin community `Usedocumenttypes`** (2 nodes): `useDocumentTypes.ts`, `useDocumentTypes()`
  Too small to be a meaningful cluster - may be noise or needs more connections extracted.
- **Thin community `Useemployees`** (2 nodes): `useEmployees.ts`, `useEmployees()`
  Too small to be a meaningful cluster - may be noise or needs more connections extracted.
- **Thin community `Useleavestats`** (2 nodes): `useLeaveStats.ts`, `useLeaveStats()`
  Too small to be a meaningful cluster - may be noise or needs more connections extracted.
- **Thin community `Finance Unwrap`** (2 nodes): `finance-api.ts`, `unwrap()`
  Too small to be a meaningful cluster - may be noise or needs more connections extracted.
- **Thin community `Error Toast`** (2 nodes): `hr-error-toast.ts`, `toastHrError()`
  Too small to be a meaningful cluster - may be noise or needs more connections extracted.
- **Thin community `Checkauth Auth`** (2 nodes): `checkAuth()`, `auth-provider.tsx`
  Too small to be a meaningful cluster - may be noise or needs more connections extracted.
- **Thin community `Provider Swrprovider`** (2 nodes): `swr-provider.tsx`, `SWRProvider()`
  Too small to be a meaningful cluster - may be noise or needs more connections extracted.
- **Thin community `Theme Provider`** (2 nodes): `theme-provider.tsx`, `ThemeProvider()`
  Too small to be a meaningful cluster - may be noise or needs more connections extracted.
- **Thin community `Types Toemployeeprofile`** (2 nodes): `hr.types.ts`, `toEmployeeProfile()`
  Too small to be a meaningful cluster - may be noise or needs more connections extracted.
- **Thin community `Repository Readme`** (2 nodes): `Repository README`, `Ophanim CRM Monorepo`
  Too small to be a meaningful cluster - may be noise or needs more connections extracted.
- **Thin community `Database Types`** (1 nodes): `database.types.ts`
  Too small to be a meaningful cluster - may be noise or needs more connections extracted.
- **Thin community `Vitest Config`** (1 nodes): `vitest.config.ts`
  Too small to be a meaningful cluster - may be noise or needs more connections extracted.
- **Thin community `Apply Migration`** (1 nodes): `apply-migration-053.js`
  Too small to be a meaningful cluster - may be noise or needs more connections extracted.
- **Thin community `Permissions`** (1 nodes): `permissions.ts`
  Too small to be a meaningful cluster - may be noise or needs more connections extracted.
- **Thin community `Types`** (1 nodes): `api.types.ts`
  Too small to be a meaningful cluster - may be noise or needs more connections extracted.
- **Thin community `Database Types`** (1 nodes): `database.types.ts`
  Too small to be a meaningful cluster - may be noise or needs more connections extracted.
- **Thin community `Attendance Validator`** (1 nodes): `attendance.validator.ts`
  Too small to be a meaningful cluster - may be noise or needs more connections extracted.
- **Thin community `Auth Validator`** (1 nodes): `auth.validator.ts`
  Too small to be a meaningful cluster - may be noise or needs more connections extracted.
- **Thin community `Departments Validator`** (1 nodes): `departments.validator.ts`
  Too small to be a meaningful cluster - may be noise or needs more connections extracted.
- **Thin community `Documents Validator`** (1 nodes): `documents.validator.ts`
  Too small to be a meaningful cluster - may be noise or needs more connections extracted.
- **Thin community `Finance Validator`** (1 nodes): `finance.validator.ts`
  Too small to be a meaningful cluster - may be noise or needs more connections extracted.
- **Thin community `Validator`** (1 nodes): `hr.validator.ts`
  Too small to be a meaningful cluster - may be noise or needs more connections extracted.
- **Thin community `Leads Validator`** (1 nodes): `leads.validator.ts`
  Too small to be a meaningful cluster - may be noise or needs more connections extracted.
- **Thin community `Notes Validator`** (1 nodes): `notes.validator.ts`
  Too small to be a meaningful cluster - may be noise or needs more connections extracted.
- **Thin community `Notifications Validator`** (1 nodes): `notifications.validator.ts`
  Too small to be a meaningful cluster - may be noise or needs more connections extracted.
- **Thin community `Payroll Validator`** (1 nodes): `payroll.validator.ts`
  Too small to be a meaningful cluster - may be noise or needs more connections extracted.
- **Thin community `Performance Validator`** (1 nodes): `performance.validator.ts`
  Too small to be a meaningful cluster - may be noise or needs more connections extracted.
- **Thin community `Projects Validator`** (1 nodes): `projects.validator.ts`
  Too small to be a meaningful cluster - may be noise or needs more connections extracted.
- **Thin community `Tasks Validator`** (1 nodes): `tasks.validator.ts`
  Too small to be a meaningful cluster - may be noise or needs more connections extracted.
- **Thin community `Team Notes`** (1 nodes): `team-notes.validator.ts`
  Too small to be a meaningful cluster - may be noise or needs more connections extracted.
- **Thin community `Teams Validator`** (1 nodes): `teams.validator.ts`
  Too small to be a meaningful cluster - may be noise or needs more connections extracted.
- **Thin community `Users Validator`** (1 nodes): `users.validator.ts`
  Too small to be a meaningful cluster - may be noise or needs more connections extracted.
- **Thin community `Next`** (1 nodes): `next-env.d.ts`
  Too small to be a meaningful cluster - may be noise or needs more connections extracted.
- **Thin community `Next Config`** (1 nodes): `next.config.ts`
  Too small to be a meaningful cluster - may be noise or needs more connections extracted.
- **Thin community `Page`** (1 nodes): `page.tsx`
  Too small to be a meaningful cluster - may be noise or needs more connections extracted.
- **Thin community `Page`** (1 nodes): `page.tsx`
  Too small to be a meaningful cluster - may be noise or needs more connections extracted.
- **Thin community `Page`** (1 nodes): `page.tsx`
  Too small to be a meaningful cluster - may be noise or needs more connections extracted.
- **Thin community `Page`** (1 nodes): `page.tsx`
  Too small to be a meaningful cluster - may be noise or needs more connections extracted.
- **Thin community `Page`** (1 nodes): `page.tsx`
  Too small to be a meaningful cluster - may be noise or needs more connections extracted.
- **Thin community `Page`** (1 nodes): `page.tsx`
  Too small to be a meaningful cluster - may be noise or needs more connections extracted.
- **Thin community `Page`** (1 nodes): `page.tsx`
  Too small to be a meaningful cluster - may be noise or needs more connections extracted.
- **Thin community `Page`** (1 nodes): `page.tsx`
  Too small to be a meaningful cluster - may be noise or needs more connections extracted.
- **Thin community `Login Notice`** (1 nodes): `login-notice-dialog.tsx`
  Too small to be a meaningful cluster - may be noise or needs more connections extracted.
- **Thin community `Activity Feed`** (1 nodes): `activity-feed.tsx`
  Too small to be a meaningful cluster - may be noise or needs more connections extracted.
- **Thin community `Charts`** (1 nodes): `charts.tsx`
  Too small to be a meaningful cluster - may be noise or needs more connections extracted.
- **Thin community `High Priority`** (1 nodes): `high-priority-section.tsx`
  Too small to be a meaningful cluster - may be noise or needs more connections extracted.
- **Thin community `Index`** (1 nodes): `index.ts`
  Too small to be a meaningful cluster - may be noise or needs more connections extracted.
- **Thin community `Mini Stats`** (1 nodes): `mini-stats-card.tsx`
  Too small to be a meaningful cluster - may be noise or needs more connections extracted.
- **Thin community `Recent Leads`** (1 nodes): `recent-leads-list.tsx`
  Too small to be a meaningful cluster - may be noise or needs more connections extracted.
- **Thin community `Stats Card`** (1 nodes): `stats-card.tsx`
  Too small to be a meaningful cluster - may be noise or needs more connections extracted.
- **Thin community `Trend Charts`** (1 nodes): `trend-charts.tsx`
  Too small to be a meaningful cluster - may be noise or needs more connections extracted.
- **Thin community `Documentkpicards`** (1 nodes): `DocumentKPICards.tsx`
  Too small to be a meaningful cluster - may be noise or needs more connections extracted.
- **Thin community `Compensationhistoryexpand`** (1 nodes): `CompensationHistoryExpand.tsx`
  Too small to be a meaningful cluster - may be noise or needs more connections extracted.
- **Thin community `Employeekpicards`** (1 nodes): `EmployeeKPICards.tsx`
  Too small to be a meaningful cluster - may be noise or needs more connections extracted.
- **Thin community `Employeeactivitytab`** (1 nodes): `EmployeeActivityTab.tsx`
  Too small to be a meaningful cluster - may be noise or needs more connections extracted.
- **Thin community `Employeecompensationtab`** (1 nodes): `EmployeeCompensationTab.tsx`
  Too small to be a meaningful cluster - may be noise or needs more connections extracted.
- **Thin community `Employeeleavesummarytab`** (1 nodes): `EmployeeLeaveSummaryTab.tsx`
  Too small to be a meaningful cluster - may be noise or needs more connections extracted.
- **Thin community `Employeeperformancetab`** (1 nodes): `EmployeePerformanceTab.tsx`
  Too small to be a meaningful cluster - may be noise or needs more connections extracted.
- **Thin community `Leavekpicards`** (1 nodes): `LeaveKPICards.tsx`
  Too small to be a meaningful cluster - may be noise or needs more connections extracted.
- **Thin community `Index`** (1 nodes): `index.ts`
  Too small to be a meaningful cluster - may be noise or needs more connections extracted.
- **Thin community `Department Cost`** (1 nodes): `department-cost-bar.tsx`
  Too small to be a meaningful cluster - may be noise or needs more connections extracted.
- **Thin community `Disburse Confirm`** (1 nodes): `disburse-confirm-dialog.tsx`
  Too small to be a meaningful cluster - may be noise or needs more connections extracted.
- **Thin community `Peerfeedbackradar`** (1 nodes): `PeerFeedbackRadar.tsx`
  Too small to be a meaningful cluster - may be noise or needs more connections extracted.
- **Thin community `Reviewdetailpanel`** (1 nodes): `ReviewDetailPanel.tsx`
  Too small to be a meaningful cluster - may be noise or needs more connections extracted.
- **Thin community `User Selector`** (1 nodes): `user-selector.tsx`
  Too small to be a meaningful cluster - may be noise or needs more connections extracted.
- **Thin community `Hover Card`** (1 nodes): `hover-card.tsx`
  Too small to be a meaningful cluster - may be noise or needs more connections extracted.
- **Thin community `Progress`** (1 nodes): `progress.tsx`
  Too small to be a meaningful cluster - may be noise or needs more connections extracted.
- **Thin community `Sonner`** (1 nodes): `sonner.tsx`
  Too small to be a meaningful cluster - may be noise or needs more connections extracted.
- **Thin community `Switch`** (1 nodes): `switch.tsx`
  Too small to be a meaningful cluster - may be noise or needs more connections extracted.
- **Thin community `Header Refresh`** (1 nodes): `use-header-refresh.ts`
  Too small to be a meaningful cluster - may be noise or needs more connections extracted.
- **Thin community `Lead Status`** (1 nodes): `lead-status-config.ts`
  Too small to be a meaningful cluster - may be noise or needs more connections extracted.
- **Thin community `Permissions`** (1 nodes): `permissions.ts`
  Too small to be a meaningful cluster - may be noise or needs more connections extracted.
- **Thin community `Projects`** (1 nodes): `projects-api.ts`
  Too small to be a meaningful cluster - may be noise or needs more connections extracted.
- **Thin community `Supabase`** (1 nodes): `supabase.ts`
  Too small to be a meaningful cluster - may be noise or needs more connections extracted.
- **Thin community `Documents`** (1 nodes): `hr-documents.ts`
  Too small to be a meaningful cluster - may be noise or needs more connections extracted.
- **Thin community `Leaves`** (1 nodes): `hr-leaves.ts`
  Too small to be a meaningful cluster - may be noise or needs more connections extracted.
- **Thin community `Index`** (1 nodes): `index.ts`
  Too small to be a meaningful cluster - may be noise or needs more connections extracted.
- **Thin community `Payroll`** (1 nodes): `payroll.ts`
  Too small to be a meaningful cluster - may be noise or needs more connections extracted.
- **Thin community `Performance`** (1 nodes): `performance.ts`
  Too small to be a meaningful cluster - may be noise or needs more connections extracted.
=== SUGGESTED_QUESTIONS_SECTION ===
## Suggested Questions
_Questions this graph is uniquely positioned to answer:_

- **Why does `getInitials()` connect `Page Clearfilters` to `Page Addlineitem`?**
  _High betweenness centrality (0.002) - this node is a cross-community bridge._
- **Why does `handleSubmit()` connect `Page Addlineitem` to `Page Clearfilters`?**
  _High betweenness centrality (0.002) - this node is a cross-community bridge._
- **Why does `handleDelete()` connect `Page Clearfilters` to `Page Addlineitem`?**
  _High betweenness centrality (0.001) - this node is a cross-community bridge._
- **What connects `Ophanim CRM Monorepo`, `Action Plan`, `API and Testing Guide` to the rest of the system?**
  _22 weakly-connected nodes found - possible documentation gaps or missing edges._
- **Should `Page Clearfilters` be split into smaller, more focused modules?**
  _Cohesion score 0.03 - nodes in this community are weakly interconnected._
- **Should `Dashboard Bulkapprove` be split into smaller, more focused modules?**
  _Cohesion score 0.04 - nodes in this community are weakly interconnected._
- **Should `Page Addlineitem` be split into smaller, more focused modules?**
  _Cohesion score 0.05 - nodes in this community are weakly interconnected._
